-------------------------------------------------------------------------------
>Log Session: Thursday, February 16, 2023 at 12:57:55 PM Indochina Time
>System Info: 
  Product Version         = Apache NetBeans IDE 16
  Operating System        = Windows 10 version 10.0 running on amd64
  Java; VM; Vendor        = 19.0.2; Java HotSpot(TM) 64-Bit Server VM 19.0.2+7-44; Oracle Corporation
  Runtime                 = Java(TM) SE Runtime Environment 19.0.2+7-44
  Java Home               = C:\Users\ASUS\Downloads\jdk-19.0.2
  System Locale; Encoding = en_US (nb); UTF-8
  Home Directory          = C:\Users\ASUS
  Current Directory       = D:\MTK\NetBeans-16
  User Directory          = C:\Users\ASUS\AppData\Local\Temp\tmpnb
  Cache Directory         = C:\Users\ASUS\AppData\Local\Temp\tmpnb\var\cache
  Installation            = D:\MTK\NetBeans-16\netbeans\nb
                            D:\MTK\NetBeans-16\netbeans\ergonomics
                            D:\MTK\NetBeans-16\netbeans\ide
                            D:\MTK\NetBeans-16\netbeans\extide
                            D:\MTK\NetBeans-16\netbeans\java
                            D:\MTK\NetBeans-16\netbeans\apisupport
                            D:\MTK\NetBeans-16\netbeans\webcommon
                            D:\MTK\NetBeans-16\netbeans\websvccommon
                            D:\MTK\NetBeans-16\netbeans\enterprise
                            D:\MTK\NetBeans-16\netbeans\profiler
                            D:\MTK\NetBeans-16\netbeans\harness
                            D:\MTK\NetBeans-16\netbeans\cpplite
                            D:\MTK\NetBeans-16\netbeans\groovy
                            D:\MTK\NetBeans-16\netbeans\javafx
                            D:\MTK\NetBeans-16\netbeans\platform
  Boot & Ext. Classpath   = 
  Application Classpath   = D:\MTK\NetBeans-16\netbeans\platform\lib\boot.jar;D:\MTK\NetBeans-16\netbeans\platform\lib\org-openide-modules.jar;D:\MTK\NetBeans-16\netbeans\platform\lib\org-openide-util-lookup.jar;D:\MTK\NetBeans-16\netbeans\platform\lib\org-openide-util-ui.jar;D:\MTK\NetBeans-16\netbeans\platform\lib\org-openide-util.jar
  Startup Classpath       = D:\MTK\NetBeans-16\netbeans\platform\core\asm-9.3.jar;D:\MTK\NetBeans-16\netbeans\platform\core\asm-commons-9.3.jar;D:\MTK\NetBeans-16\netbeans\platform\core\asm-tree-9.3.jar;D:\MTK\NetBeans-16\netbeans\platform\core\core-base.jar;D:\MTK\NetBeans-16\netbeans\platform\core\core.jar;D:\MTK\NetBeans-16\netbeans\platform\core\org-netbeans-libs-asm.jar;D:\MTK\NetBeans-16\netbeans\platform\core\org-openide-filesystems-compat8.jar;D:\MTK\NetBeans-16\netbeans\platform\core\org-openide-filesystems.jar;D:\MTK\NetBeans-16\netbeans\nb\core\org-netbeans-upgrader.jar;D:\MTK\NetBeans-16\netbeans\nb\core\locale\core_nb.jar
-------------------------------------------------------------------------------
INFO [org.netbeans.modules.netbinox]: Install area set to file:/D:/MTK/NetBeans-16/netbeans/
WARNING [org.netbeans.core.modules]: the modules [org.netbeans.modules.xml.text] use org.netbeans.modules.editor.deprecated.pre65formatting which is deprecated.
WARNING [org.netbeans.core.modules]: the modules [org.netbeans.modules.ide.kit, org.netbeans.modules.xml.text] use org.netbeans.modules.editor.structure which is deprecated.
Custom UI class com.formdev.flatlaf.FlatLightLaf not found.
INFO [org.netbeans.core.startup.NbEvents]: Turning on modules:
	slf4j.jdk14 [1.7.28 1.7.28]
	slf4j.api [1.7.28 1.7.28]
	org.openide.util.lookup [8.52 16-321935444b183aea1c4ff255d8d2ab8d50c60606]
	org.openide.util [9.26 16-321935444b183aea1c4ff255d8d2ab8d50c60606]
	org.openide.util.ui [9.26 16-321935444b183aea1c4ff255d8d2ab8d50c60606]
	org.openide.modules [7.66 16-321935444b183aea1c4ff255d8d2ab8d50c60606]
	org.netbeans.api.annotations.common/1 [1.46 16-321935444b183aea1c4ff255d8d2ab8d50c60606]
	org.openide.filesystems [9.30 16-321935444b183aea1c4ff255d8d2ab8d50c60606]
	org.openide.awt [7.86 16-321935444b183aea1c4ff255d8d2ab8d50c60606]
	org.netbeans.api.progress/1 [1.66 16-321935444b183aea1c4ff255d8d2ab8d50c60606]
	org.netbeans.api.progress.nb [1.66 16-321935444b183aea1c4ff255d8d2ab8d50c60606]
	org.openide.dialogs [7.64 16-321935444b183aea1c4ff255d8d2ab8d50c60606]
	org.openide.nodes [7.63 16-321935444b183aea1c4ff255d8d2ab8d50c60606]
	org.openide.windows [6.95 16-321935444b183aea1c4ff255d8d2ab8d50c60606]
	org.netbeans.libs.batik.read [1.11.0.1 1 16-321935444b183aea1c4ff255d8d2ab8d50c60606]
	org.openide.util.ui.svg [1.12 16-321935444b183aea1c4ff255d8d2ab8d50c60606]
	org.netbeans.modules.editor.mimelookup/1 [1.58 16-321935444b183aea1c4ff255d8d2ab8d50c60606]
	org.openide.text [6.86 16-321935444b183aea1c4ff255d8d2ab8d50c60606]
	org.netbeans.api.scripting [1.15 16-321935444b183aea1c4ff255d8d2ab8d50c60606]
	org.netbeans.swing.tabcontrol [1.75 16-321935444b183aea1c4ff255d8d2ab8d50c60606]
	org.netbeans.swing.outline [1.52 16-321935444b183aea1c4ff255d8d2ab8d50c60606]
	org.openide.explorer [6.80 16-321935444b183aea1c4ff255d8d2ab8d50c60606]
	org.openide.actions [6.57 16-321935444b183aea1c4ff255d8d2ab8d50c60606]
	org.netbeans.modules.queries/1 [1.61 16-321935444b183aea1c4ff255d8d2ab8d50c60606]
	org.netbeans.api.templates [1.26 16-321935444b183aea1c4ff255d8d2ab8d50c60606]
	org.openide.filesystems.nb [9.28 16-321935444b183aea1c4ff255d8d2ab8d50c60606]
	org.openide.loaders [7.88 16-321935444b183aea1c4ff255d8d2ab8d50c60606]
	org.netbeans.api.intent [1.20 16-321935444b183aea1c4ff255d8d2ab8d50c60606]
	org.netbeans.api.io [1.21 16-321935444b183aea1c4ff255d8d2ab8d50c60606]
	org.openide.io [1.67 16-321935444b183aea1c4ff255d8d2ab8d50c60606]
	org.openide.filesystems.compat8 [9.27 16-321935444b183aea1c4ff255d8d2ab8d50c60606]
	org.openide.execution [9.21 16-321935444b183aea1c4ff255d8d2ab8d50c60606]
	org.netbeans.upgrader [4.53 16-321935444b183aea1c4ff255d8d2ab8d50c60606]
	org.netbeans.swing.plaf [1.60 16-321935444b183aea1c4ff255d8d2ab8d50c60606]
	org.netbeans.modules.keyring [1.42 16-321935444b183aea1c4ff255d8d2ab8d50c60606]
	org.netbeans.libs.asm [5.21 16-321935444b183aea1c4ff255d8d2ab8d50c60606]
	org.netbeans.bootstrap/1 [2.96 16-321935444b183aea1c4ff255d8d2ab8d50c60606]
	org.netbeans.core.startup.base [1.80.0.1 1 16-321935444b183aea1c4ff255d8d2ab8d50c60606]
	org.netbeans.core.startup/1 [1.80.0.1 16-321935444b183aea1c4ff255d8d2ab8d50c60606]
	org.netbeans.modules.sampler [1.32 16-321935444b183aea1c4ff255d8d2ab8d50c60606]
	org.netbeans.core/2 [3.69 16-321935444b183aea1c4ff255d8d2ab8d50c60606]
	org.netbeans.spi.quicksearch [1.45 16-321935444b183aea1c4ff255d8d2ab8d50c60606]
	org.netbeans.modules.options.api/1 [1.63 16-321935444b183aea1c4ff255d8d2ab8d50c60606]
	org.netbeans.libs.flatlaf/1 [1.12 2.6 16-321935444b183aea1c4ff255d8d2ab8d50c60606]
	org.netbeans.swing.laf.flatlaf [1.11 16-321935444b183aea1c4ff255d8d2ab8d50c60606]
	org.netbeans.swing.laf.dark/1 [2.13.0.2 2 16-321935444b183aea1c4ff255d8d2ab8d50c60606]
	org.netbeans.modules.projectapi/1 [1.89 16-321935444b183aea1c4ff255d8d2ab8d50c60606]
	org.netbeans.swing.dirchooser [1.47 16-321935444b183aea1c4ff255d8d2ab8d50c60606]
	org.netbeans.spi.viewmodel/2 [1.69 16-321935444b183aea1c4ff255d8d2ab8d50c60606]
	org.netbeans.spi.tasklist/1 [1.53.0.1 1 16-321935444b183aea1c4ff255d8d2ab8d50c60606]
	org.netbeans.spi.palette/1 [1.64 16-321935444b183aea1c4ff255d8d2ab8d50c60606]
	org.netbeans.spi.navigator/1 [1.56 16-321935444b183aea1c4ff255d8d2ab8d50c60606]
	org.netbeans.modules.editor.settings/1 [1.75 16-321935444b183aea1c4ff255d8d2ab8d50c60606]
	org.netbeans.modules.editor.util/1 [1.83 16-321935444b183aea1c4ff255d8d2ab8d50c60606]
	org.netbeans.modules.editor.document [1.27.0.3 3 16-321935444b183aea1c4ff255d8d2ab8d50c60606]
	org.netbeans.modules.lexer/2 [1.81.0.1 1 16-321935444b183aea1c4ff255d8d2ab8d50c60606]
	org.netbeans.modules.editor.lib2/1 [2.38.0.55.3 55 16-321935444b183aea1c4ff255d8d2ab8d50c60606]
	org.netbeans.api.lsp/1 [1.13 16-321935444b183aea1c4ff255d8d2ab8d50c60606]
	org.netbeans.modules.editor.settings.lib [1.69.0.1 1 16-321935444b183aea1c4ff255d8d2ab8d50c60606]
	org.netbeans.modules.editor.fold/1 [1.63 16-321935444b183aea1c4ff255d8d2ab8d50c60606]
	org.netbeans.modules.editor.indent/2 [1.61 16-321935444b183aea1c4ff255d8d2ab8d50c60606]
	org.netbeans.modules.editor.guards/1 [1.51 16-321935444b183aea1c4ff255d8d2ab8d50c60606]
	org.netbeans.modules.editor.lib/3 [4.25.0.23.3.55 23 16-321935444b183aea1c4ff255d8d2ab8d50c60606]
	org.netbeans.spi.editor.hints/0 [1.60.0.8.55 8 16-321935444b183aea1c4ff255d8d2ab8d50c60606]
	org.netbeans.modules.projectuiapi.base/1 [1.104.0.9 9 16-321935444b183aea1c4ff255d8d2ab8d50c60606]
	org.netbeans.modules.projectuiapi/1 [1.107.0.8 8 16-321935444b183aea1c4ff255d8d2ab8d50c60606]
	org.netbeans.modules.editor.tools.storage [1.26 16-321935444b183aea1c4ff255d8d2ab8d50c60606]
	org.netbeans.modules.options.keymap [1.55 16-321935444b183aea1c4ff255d8d2ab8d50c60606]
	org.netbeans.modules.editor.settings.storage/1 [1.70.0.1 16-321935444b183aea1c4ff255d8d2ab8d50c60606]
	org.netbeans.modules.editor.fold.nbui [1.30.0.55 16-321935444b183aea1c4ff255d8d2ab8d50c60606]
	org.netbeans.modules.editor/3 [1.105.0.6.3.23.55 6 16-321935444b183aea1c4ff255d8d2ab8d50c60606]
	org.netbeans.modules.options.editor/1 [1.78 16-321935444b183aea1c4ff255d8d2ab8d50c60606]
	org.netbeans.spi.editor.hints.projects [1.29.0.1.8 1 16-321935444b183aea1c4ff255d8d2ab8d50c60606]
	org.netbeans.api.debugger/1 [1.73 16-321935444b183aea1c4ff255d8d2ab8d50c60606]
	org.netbeans.spi.debugger.ui/1 [2.76 16-321935444b183aea1c4ff255d8d2ab8d50c60606]
	org.netbeans.core.multiview/1 [1.62 16-321935444b183aea1c4ff255d8d2ab8d50c60606]
	org.netbeans.api.xml/1 [1.62 16-321935444b183aea1c4ff255d8d2ab8d50c60606]
	org.netbeans.modules.xml.core/2 [1.61.0.4 4 16-321935444b183aea1c4ff255d8d2ab8d50c60606]
	org.netbeans.modules.xml.xam/1 [1.50.0.1 1 16-321935444b183aea1c4ff255d8d2ab8d50c60606]
	org.netbeans.api.xml.ui/1 [1.62 16-321935444b183aea1c4ff255d8d2ab8d50c60606]
	org.apache.xml.resolver [1.49.0.12 12 16-321935444b183aea1c4ff255d8d2ab8d50c60606]
	org.netbeans.modules.xml.retriever/1 [1.49 16-321935444b183aea1c4ff255d8d2ab8d50c60606]
	org.netbeans.modules.xml.schema.model/1 [1.50.0.1 1 16-321935444b183aea1c4ff255d8d2ab8d50c60606]
	org.netbeans.modules.xml.axi [1.51 16-321935444b183aea1c4ff255d8d2ab8d50c60606]
	org.netbeans.modules.editor.indent.support [1.60 16-321935444b183aea1c4ff255d8d2ab8d50c60606]
	org.netbeans.api.java.classpath/1 [1.72 16-321935444b183aea1c4ff255d8d2ab8d50c60606]
	org.netbeans.libs.lucene/3 [3.37 16-321935444b183aea1c4ff255d8d2ab8d50c60606]
	org.netbeans.modules.masterfs/2 [2.73.0.2 2 16-321935444b183aea1c4ff255d8d2ab8d50c60606]
	org.netbeans.modules.parsing.lucene/2 [2.54.0.1 1 16-321935444b183aea1c4ff255d8d2ab8d50c60606]
	org.netbeans.modules.parsing.api/1 [9.25.0.8 8 16-321935444b183aea1c4ff255d8d2ab8d50c60606]
	org.netbeans.modules.editor.breadcrumbs/0 [1.35 16-321935444b183aea1c4ff255d8d2ab8d50c60606]
	org.netbeans.modules.editor.bracesmatching/0 [1.57.0.55 16-321935444b183aea1c4ff255d8d2ab8d50c60606]
	org.netbeans.modules.editor.deprecated.pre65formatting/0 [1.49.0.1.6.23.55 1 16-321935444b183aea1c4ff255d8d2ab8d50c60606]
	org.netbeans.modules.editor.errorstripe.api/1 [2.50.0.1 1 16-321935444b183aea1c4ff255d8d2ab8d50c60606]
	org.netbeans.modules.editor.errorstripe/2 [2.52.0.1.1 1 16-321935444b183aea1c4ff255d8d2ab8d50c60606]
	org.netbeans.modules.editor.completion/1 [1.63.0.2 2 16-321935444b183aea1c4ff255d8d2ab8d50c60606]
	org.netbeans.modules.editor.codetemplates/1 [1.62.0.1 1 16-321935444b183aea1c4ff255d8d2ab8d50c60606]
	org.netbeans.modules.editor.actions/1 [1.49.0.55 16-321935444b183aea1c4ff255d8d2ab8d50c60606]
	org.netbeans.modules.project.indexingbridge [1.35 16-321935444b183aea1c4ff255d8d2ab8d50c60606]
	org.netbeans.modules.parsing.indexing [9.27.0.1.3.8 1 16-321935444b183aea1c4ff255d8d2ab8d50c60606]
	org.netbeans.modules.diff/1 [1.69.0.42.1 42 16-321935444b183aea1c4ff255d8d2ab8d50c60606]
	org.netbeans.modules.refactoring.api [1.65.0.1 1 16-321935444b183aea1c4ff255d8d2ab8d50c60606]
	org.netbeans.modules.csl.types/1 [1.18 16-321935444b183aea1c4ff255d8d2ab8d50c60606]
	org.netbeans.core.ui/1 [1.63 16-321935444b183aea1c4ff255d8d2ab8d50c60606]
	org.netbeans.api.search [1.39 16-321935444b183aea1c4ff255d8d2ab8d50c60606]
	org.netbeans.modules.jumpto/1 [1.73.0.1 1 16-321935444b183aea1c4ff255d8d2ab8d50c60606]
	org.netbeans.modules.csl.api/2 [2.75.0.2.1.1.8.1 2 16-321935444b183aea1c4ff255d8d2ab8d50c60606]
	org.netbeans.modules.editor.structure/1 [1.65.0.1 1 16-321935444b183aea1c4ff255d8d2ab8d50c60606]
	org.netbeans.modules.xml.lexer [1.48 16-321935444b183aea1c4ff255d8d2ab8d50c60606]
	org.netbeans.modules.xml.text/2 [1.77.0.1 1 16-321935444b183aea1c4ff255d8d2ab8d50c60606]
	org.netbeans.modules.xml [1.51 16-321935444b183aea1c4ff255d8d2ab8d50c60606]
	org.netbeans.modules.servletapi/1 [1.57 16-321935444b183aea1c4ff255d8d2ab8d50c60606]
	org.netbeans.modules.httpserver/2 [2.54.0.42 42 16-321935444b183aea1c4ff255d8d2ab8d50c60606]
	org.netbeans.modules.xsl/1 [1.62 16-321935444b183aea1c4ff255d8d2ab8d50c60606]
	org.netbeans.modules.xml.xdm/1 [1.52.0.1 1 16-321935444b183aea1c4ff255d8d2ab8d50c60606]
	org.netbeans.libs.xerces/1 [1.56.0.281 281 16-321935444b183aea1c4ff255d8d2ab8d50c60606]
	org.netbeans.modules.xml.tax/2 [1.62.0.281 16-321935444b183aea1c4ff255d8d2ab8d50c60606]
	org.netbeans.modules.xml.tools/2 [1.61 16-321935444b183aea1c4ff255d8d2ab8d50c60606]
	org.netbeans.modules.xml.schema.completion [1.49 16-321935444b183aea1c4ff255d8d2ab8d50c60606]
	org.netbeans.modules.xml.catalog/2 [3.22.0.4 4 16-321935444b183aea1c4ff255d8d2ab8d50c60606]
	org.netbeans.modules.xml.catalog.ui [2.21.0.4 16-321935444b183aea1c4ff255d8d2ab8d50c60606]
	org.netbeans.core.execution/1 [1.60 16-321935444b183aea1c4ff255d8d2ab8d50c60606]
	org.netbeans.modules.sendopts/2 [2.54 16-321935444b183aea1c4ff255d8d2ab8d50c60606]
	org.netbeans.modules.favorites/1 [1.64 16-321935444b183aea1c4ff255d8d2ab8d50c60606]
	org.netbeans.modules.projectui [1.77.0.8.9 16-321935444b183aea1c4ff255d8d2ab8d50c60606]
	org.netbeans.modules.welcome/1 [1.60 16-321935444b183aea1c4ff255d8d2ab8d50c60606]
	org.netbeans.libs.json_simple/1 [0.30 16-321935444b183aea1c4ff255d8d2ab8d50c60606]
	org.netbeans.modules.web.common [1.117 16-321935444b183aea1c4ff255d8d2ab8d50c60606]
	org.netbeans.modules.web.indent [1.38 16-321935444b183aea1c4ff255d8d2ab8d50c60606]
	org.netbeans.modules.extexecution.base/2 [1.24 16-321935444b183aea1c4ff255d8d2ab8d50c60606]
	org.netbeans.modules.extexecution/2 [1.67 16-321935444b183aea1c4ff255d8d2ab8d50c60606]
	org.netbeans.modules.web.common.ui [1.19 16-321935444b183aea1c4ff255d8d2ab8d50c60606]
	org.netbeans.modules.gsf.testrunner/2 [2.30 16-321935444b183aea1c4ff255d8d2ab8d50c60606]
	org.netbeans.modules.gsf.testrunner.ui [1.33.0.1 16-321935444b183aea1c4ff255d8d2ab8d50c60606]
	org.netbeans.modules.gototest/1 [1.51 16-321935444b183aea1c4ff255d8d2ab8d50c60606]
	org.netbeans.modules.project.libraries/1 [1.71 16-321935444b183aea1c4ff255d8d2ab8d50c60606]
	org.netbeans.modules.project.libraries.ui/1 [1.70 16-321935444b183aea1c4ff255d8d2ab8d50c60606]
	org.netbeans.modules.html.indexing [1.8 16-321935444b183aea1c4ff255d8d2ab8d50c60606]
	org.netbeans.modules.extbrowser/1 [1.71 16-321935444b183aea1c4ff255d8d2ab8d50c60606]
	org.netbeans.modules.settings/1 [1.67 16-321935444b183aea1c4ff255d8d2ab8d50c60606]
	org.netbeans.modules.web.browser.api [1.63 16-321935444b183aea1c4ff255d8d2ab8d50c60606]
	org.netbeans.modules.gsf.codecoverage [1.50 16-321935444b183aea1c4ff255d8d2ab8d50c60606]
	org.netbeans.modules.project.spi.intern [1.21 16-321935444b183aea1c4ff255d8d2ab8d50c60606]
	org.netbeans.modules.project.ant/1 [1.85 16-321935444b183aea1c4ff255d8d2ab8d50c60606]
	org.netbeans.modules.web.clientproject.api [1.122 16-321935444b183aea1c4ff255d8d2ab8d50c60606]
	org.netbeans.modules.versioning.core/1 [1.49.0.1.42 1 16-321935444b183aea1c4ff255d8d2ab8d50c60606]
	org.netbeans.modules.versioning/1 [1.65.0.1 1 16-321935444b183aea1c4ff255d8d2ab8d50c60606]
	org.netbeans.modules.spellchecker.apimodule [1.43 16-321935444b183aea1c4ff255d8d2ab8d50c60606]
	org.netbeans.modules.versioning.util [1.88.0.42.1 16-321935444b183aea1c4ff255d8d2ab8d50c60606]
	org.netbeans.modules.team.commons [1.68 16-321935444b183aea1c4ff255d8d2ab8d50c60606]
	org.netbeans.modules.versioning.ui/1 [1.40.0.42.1 16-321935444b183aea1c4ff255d8d2ab8d50c60606]
	org.netbeans.modules.autoupdate.services [1.73 16-321935444b183aea1c4ff255d8d2ab8d50c60606]
	org.netbeans.modules.autoupdate.ui [1.64 16-321935444b183aea1c4ff255d8d2ab8d50c60606]
	org.netbeans.modules.versioning.system.cvss.installer [1.34 16-321935444b183aea1c4ff255d8d2ab8d50c60606]
	org.netbeans.modules.masterfs.ui [2.21.0.2 16-321935444b183aea1c4ff255d8d2ab8d50c60606]
	org.netbeans.modules.versioning.masterfs [1.32 16-321935444b183aea1c4ff255d8d2ab8d50c60606]
	org.netbeans.modules.versioning.indexingbridge/0 [1.43 16-321935444b183aea1c4ff255d8d2ab8d50c60606]
	org.netbeans.modules.utilities/1 [1.79 16-321935444b183aea1c4ff255d8d2ab8d50c60606]
	org.netbeans.modules.utilities.project/1 [1.56 16-321935444b183aea1c4ff255d8d2ab8d50c60606]
	org.netbeans.modules.javahelp/1 [2.59 16-321935444b183aea1c4ff255d8d2ab8d50c60606]
	org.netbeans.modules.usersguide/1 [1.66 16-321935444b183aea1c4ff255d8d2ab8d50c60606]
	org.netbeans.modules.updatecenters/1 [1.58 16-321935444b183aea1c4ff255d8d2ab8d50c60606]
	org.netbeans.libs.jcodings/1 [0.7 16-321935444b183aea1c4ff255d8d2ab8d50c60606]
	com.google.gson [2.8.9 2.8.9]
	org.netbeans.modules.textmate.lexer/0 [1.18.0.1 1 16-321935444b183aea1c4ff255d8d2ab8d50c60606]
	org.netbeans.modules.terminal [1.45 16-321935444b183aea1c4ff255d8d2ab8d50c60606]
	org.netbeans.lib.terminalemulator [1.55 16-321935444b183aea1c4ff255d8d2ab8d50c60606]
	org.netbeans.modules.terminal.nb [1.18 16-321935444b183aea1c4ff255d8d2ab8d50c60606]
	org.netbeans.modules.templates/1 [1.25 16-321935444b183aea1c4ff255d8d2ab8d50c60606]
	org.netbeans.modules.team.ide [1.31 16-321935444b183aea1c4ff255d8d2ab8d50c60606]
	org.netbeans.modules.tasklist.ui/1 [1.49.0.1.1 1 16-321935444b183aea1c4ff255d8d2ab8d50c60606]
	org.netbeans.modules.tasklist.todo/1 [1.49.0.1 1 16-321935444b183aea1c4ff255d8d2ab8d50c60606]
	org.netbeans.modules.tasklist.projectint/1 [1.47 16-321935444b183aea1c4ff255d8d2ab8d50c60606]
	org.netbeans.modules.tasklist.kit [1.46 16-321935444b183aea1c4ff255d8d2ab8d50c60606]
	org.netbeans.libs.ini4j/1 [1.52 16-321935444b183aea1c4ff255d8d2ab8d50c60606]
	org.netbeans.libs.svnClientAdapter/1 [1.58 16-321935444b183aea1c4ff255d8d2ab8d50c60606]
	org.netbeans.modules.subversion [1.59.0.42.1 16-321935444b183aea1c4ff255d8d2ab8d50c60606]
	org.netbeans.modules.editor.plain.lib/1 [1.51 16-321935444b183aea1c4ff255d8d2ab8d50c60606]
	org.netbeans.modules.spellchecker [1.53.0.1.8 1 16-321935444b183aea1c4ff255d8d2ab8d50c60606]
	org.netbeans.modules.spellchecker.kit [1.43 16-321935444b183aea1c4ff255d8d2ab8d50c60606]
	org.netbeans.modules.spellchecker.dictionary_en [1.40 16-321935444b183aea1c4ff255d8d2ab8d50c60606]
	org.netbeans.modules.properties/1 [1.73 16-321935444b183aea1c4ff255d8d2ab8d50c60606]
	org.netbeans.modules.properties.syntax/1 [1.68 16-321935444b183aea1c4ff255d8d2ab8d50c60606]
	org.netbeans.modules.spellchecker.bindings.properties [1.40 16-321935444b183aea1c4ff255d8d2ab8d50c60606]
	org.netbeans.modules.html.lexer/1 [1.56 16-321935444b183aea1c4ff255d8d2ab8d50c60606]
	org.netbeans.modules.spellchecker.bindings.htmlxml [1.45 16-321935444b183aea1c4ff255d8d2ab8d50c60606]
	org.netbeans.core.ide/1 [1.59 16-321935444b183aea1c4ff255d8d2ab8d50c60606]
	org.netbeans.modules.server/0 [1.51 16-321935444b183aea1c4ff255d8d2ab8d50c60606]
	org.netbeans.modules.selenium2.server [1.21 16-321935444b183aea1c4ff255d8d2ab8d50c60606]
	org.netbeans.modules.selenium2 [1.23 16-321935444b183aea1c4ff255d8d2ab8d50c60606]
	org.netbeans.modules.selenium2.webclient [1.25 16-321935444b183aea1c4ff255d8d2ab8d50c60606]
	org.netbeans.modules.projectapi.nb [1.22 16-321935444b183aea1c4ff255d8d2ab8d50c60606]
	org.netbeans.modules.project.spi.intern.impl [1.21 16-321935444b183aea1c4ff255d8d2ab8d50c60606]
	org.netbeans.modules.progress.ui [1.51 16-321935444b183aea1c4ff255d8d2ab8d50c60606]
	org.netbeans.modules.print.editor [7.44 16-321935444b183aea1c4ff255d8d2ab8d50c60606]
	org.netbeans.modules.print [7.44 16-321935444b183aea1c4ff255d8d2ab8d50c60606]
	org.netbeans.modules.parsing.ui [1.32.0.1 16-321935444b183aea1c4ff255d8d2ab8d50c60606]
	org.netbeans.modules.parsing.nb [1.22.0.8.1 16-321935444b183aea1c4ff255d8d2ab8d50c60606]
	org.netbeans.core.windows/2 [2.103 16-321935444b183aea1c4ff255d8d2ab8d50c60606]
	org.netbeans.modules.notifications [1.26 16-321935444b183aea1c4ff255d8d2ab8d50c60606]
	org.netbeans.libs.osgi [1.40 16-321935444b183aea1c4ff255d8d2ab8d50c60606]
	org.netbeans.core.netigso [1.49 16-321935444b183aea1c4ff255d8d2ab8d50c60606]
	org.netbeans.modules.netbinox [1.59 16-321935444b183aea1c4ff255d8d2ab8d50c60606]
	org.netbeans.modules.nativeimage.api/0 [0.10 16-321935444b183aea1c4ff255d8d2ab8d50c60606]
	org.eclipse.mylyn.commons.net [3.17.0 3.17.0.v20150706-2057]
	org.eclipse.mylyn.tasks.core [3.17.0 3.17.0.v20150828-2026]
	org.eclipse.core.jobs [3.5.100 3.5.100.v20110404]
	org.eclipse.mylyn.wikitext.core [2.6.0 2.6.0.v20150901-2143]
	org.netbeans.modules.bugtracking [1.127 16-321935444b183aea1c4ff255d8d2ab8d50c60606]
	org.eclipse.equinox.common [3.6.0 3.6.0.v20110523]
	org.eclipse.core.runtime [3.7.0 3.7.0.v20110110]
	org.netbeans.modules.mylyn.util [1.54 16-321935444b183aea1c4ff255d8d2ab8d50c60606]
	org.netbeans.modules.mercurial [1.60.0.42.1 16-321935444b183aea1c4ff255d8d2ab8d50c60606]
	org.netbeans.libs.jna/2 [2.13 16-321935444b183aea1c4ff255d8d2ab8d50c60606]
	org.netbeans.modules.masterfs.windows [1.34 16-321935444b183aea1c4ff255d8d2ab8d50c60606]
	org.netbeans.modules.masterfs.nio2 [1.33 16-321935444b183aea1c4ff255d8d2ab8d50c60606]
	org.netbeans.modules.markdown [1.6 16-321935444b183aea1c4ff255d8d2ab8d50c60606]
	org.netbeans.libs.flexmark [1.11 16-321935444b183aea1c4ff255d8d2ab8d50c60606]
	com.google.guava [27.0.0 27.0.0.jre]
	org.netbeans.modules.lsp.client/0 [1.18.0.1.1 1 16-321935444b183aea1c4ff255d8d2ab8d50c60606]
	org.netbeans.modules.bugtracking.commons [1.26 16-321935444b183aea1c4ff255d8d2ab8d50c60606]
	org.netbeans.modules.localtasks [1.43 16-321935444b183aea1c4ff255d8d2ab8d50c60606]
	org.netbeans.modules.localhistory [1.52 16-321935444b183aea1c4ff255d8d2ab8d50c60606]
	org.netbeans.modules.lexer.nbbridge/1 [1.50.0.1 16-321935444b183aea1c4ff255d8d2ab8d50c60606]
	org.netbeans.libs.snakeyaml_engine/2 [2.7 16-321935444b183aea1c4ff255d8d2ab8d50c60606]
	org.netbeans.modules.languages.yaml [2.50 16-321935444b183aea1c4ff255d8d2ab8d50c60606]
	org.netbeans.libs.antlr4.runtime [1.19.0.1 1 16-321935444b183aea1c4ff255d8d2ab8d50c60606]
	org.netbeans.libs.tomlj [1.0.0.0 16-321935444b183aea1c4ff255d8d2ab8d50c60606]
	org.netbeans.modules.languages.toml [1.0 16-321935444b183aea1c4ff255d8d2ab8d50c60606]
	org.netbeans.modules.languages.manifest [1.50 16-321935444b183aea1c4ff255d8d2ab8d50c60606]
	org.netbeans.modules.languages.diff [1.51 16-321935444b183aea1c4ff255d8d2ab8d50c60606]
	org.netbeans.modules.keyring.fallback [1.26 16-321935444b183aea1c4ff255d8d2ab8d50c60606]
	org.netbeans.modules.keyring.impl [1.42 16-321935444b183aea1c4ff255d8d2ab8d50c60606]
	org.netbeans.modules.javascript2.debug/1 [1.36 16-321935444b183aea1c4ff255d8d2ab8d50c60606]
	org.netbeans.modules.javascript2.debug.ui/1 [1.21 16-321935444b183aea1c4ff255d8d2ab8d50c60606]
	org.netbeans.lib.v8debug/1 [1.34 16-321935444b183aea1c4ff255d8d2ab8d50c60606]
	org.netbeans.modules.javascript.v8debug/1 [1.28.0.1 1 16-321935444b183aea1c4ff255d8d2ab8d50c60606]
	org.netbeans.modules.javascript.v8debug.ui/1 [1.17.0.1 16-321935444b183aea1c4ff255d8d2ab8d50c60606]
	org.netbeans.modules.janitor [1.11 16-321935444b183aea1c4ff255d8d2ab8d50c60606]
	org.netbeans.modules.image/1 [1.66 16-321935444b183aea1c4ff255d8d2ab8d50c60606]
	org.netbeans.core.multitabs/1 [1.30.0.1 1 16-321935444b183aea1c4ff255d8d2ab8d50c60606]
	org.netbeans.modules.editor.bookmarks/1 [1.55 16-321935444b183aea1c4ff255d8d2ab8d50c60606]
	com.jcraft.jsch [0.1.72 0.1.72]
	org.netbeans.modules.dlight.nativeexecution [1.57.0.1 1 16-321935444b183aea1c4ff255d8d2ab8d50c60606]
	org.netbeans.modules.dlight.terminal [1.41.0.1 1 16-321935444b183aea1c4ff255d8d2ab8d50c60606]
	org.netbeans.core.multitabs.project [1.28.0.1.1 1 16-321935444b183aea1c4ff255d8d2ab8d50c60606]
	org.netbeans.modules.editor.search [1.43.0.0.55 0 16-321935444b183aea1c4ff255d8d2ab8d50c60606]
	org.netbeans.modules.html.editor.lib/3 [3.50 16-321935444b183aea1c4ff255d8d2ab8d50c60606]
	org.apache.commons.logging [1.2 1.2]
	org.netbeans.modules.html.parser/1 [1.52.0.1 1 16-321935444b183aea1c4ff255d8d2ab8d50c60606]
	org.netbeans.modules.html.validation/1 [1.49 16-321935444b183aea1c4ff255d8d2ab8d50c60606]
	org.netbeans.libs.antlr3.runtime [1.39.0.1 1 16-321935444b183aea1c4ff255d8d2ab8d50c60606]
	org.netbeans.modules.css.lib/1 [1.101 16-321935444b183aea1c4ff255d8d2ab8d50c60606]
	org.netbeans.modules.css.model [1.49 16-321935444b183aea1c4ff255d8d2ab8d50c60606]
	org.netbeans.modules.css.editor/1 [1.86 16-321935444b183aea1c4ff255d8d2ab8d50c60606]
	org.netbeans.modules.html/1 [1.79 16-321935444b183aea1c4ff255d8d2ab8d50c60606]
	org.netbeans.modules.html.editor/2 [2.74 16-321935444b183aea1c4ff255d8d2ab8d50c60606]
	org.netbeans.core.output2/1 [1.60 16-321935444b183aea1c4ff255d8d2ab8d50c60606]
	org.netbeans.modules.css.visual/3 [3.50 16-321935444b183aea1c4ff255d8d2ab8d50c60606]
	org.netbeans.modules.editor.autosave/1 [1.9 16-321935444b183aea1c4ff255d8d2ab8d50c60606]
	org.netbeans.modules.editor.kit [1.51 16-321935444b183aea1c4ff255d8d2ab8d50c60606]
	org.netbeans.modules.autoupdate.cli [1.32 16-321935444b183aea1c4ff255d8d2ab8d50c60606]
	org.netbeans.libs.felix [2.33 16-321935444b183aea1c4ff255d8d2ab8d50c60606]
	org.netbeans.modules.core.kit [1.49 16-321935444b183aea1c4ff255d8d2ab8d50c60606]
	org.netbeans.modules.defaults/1 [1.49 16-321935444b183aea1c4ff255d8d2ab8d50c60606]
	org.netbeans.modules.editor.macros/0 [1.49.0.1.23 1 16-321935444b183aea1c4ff255d8d2ab8d50c60606]
	org.netbeans.modules.editor.plain/2 [1.53 16-321935444b183aea1c4ff255d8d2ab8d50c60606]
	org.netbeans.modules.ide.kit [1.51 16-321935444b183aea1c4ff255d8d2ab8d50c60606]
	org.netbeans.modules.ide.ergonomics [1.45 16-321935444b183aea1c4ff255d8d2ab8d50c60606]
	org.netbeans.modules.autoupdate.pluginimporter [1.38 16-321935444b183aea1c4ff255d8d2ab8d50c60606]
	org.netbeans.modules.deadlock.detector [1.24 16-321935444b183aea1c4ff255d8d2ab8d50c60606]
	org.netbeans.modules.ide.branding/1 [1.50 16-321935444b183aea1c4ff255d8d2ab8d50c60606]
	org.netbeans.modules.ide.branding.kit [1.46 16-321935444b183aea1c4ff255d8d2ab8d50c60606]
	org.netbeans.libs.commons_net/2 [2.40.0.36 36 16-321935444b183aea1c4ff255d8d2ab8d50c60606]
	org.netbeans.modules.hudson [2.31 16-321935444b183aea1c4ff255d8d2ab8d50c60606]
	org.netbeans.modules.hudson.ui [1.29 16-321935444b183aea1c4ff255d8d2ab8d50c60606]
	org.netbeans.modules.hudson.tasklist [1.35 16-321935444b183aea1c4ff255d8d2ab8d50c60606]
	org.netbeans.modules.hudson.subversion [1.47 16-321935444b183aea1c4ff255d8d2ab8d50c60606]
	org.netbeans.modules.hudson.mercurial [1.47 16-321935444b183aea1c4ff255d8d2ab8d50c60606]
	org.netbeans.modules.hudson.git [1.36 16-321935444b183aea1c4ff255d8d2ab8d50c60606]
	org.netbeans.modules.html.custom [1.24 16-321935444b183aea1c4ff255d8d2ab8d50c60606]
	org.eclipse.jgit [5.7.0 5.7.0.202003110725-r]
	org.netbeans.libs.jsch.agentproxy/2 [1.2 16-321935444b183aea1c4ff255d8d2ab8d50c60606]
	org.netbeans.libs.git/1 [1.52 16-321935444b183aea1c4ff255d8d2ab8d50c60606]
	org.netbeans.modules.git [1.40.0.1 16-321935444b183aea1c4ff255d8d2ab8d50c60606]
	org.netbeans.modules.extexecution.process.jdk9 [1.18 16-321935444b183aea1c4ff255d8d2ab8d50c60606]
	org.netbeans.modules.extexecution.process [1.45 16-321935444b183aea1c4ff255d8d2ab8d50c60606]
	org.netbeans.modules.extexecution.impl [1.43 16-321935444b183aea1c4ff255d8d2ab8d50c60606]
	org.netbeans.modules.editor.mimelookup.impl/1 [1.50 16-321935444b183aea1c4ff255d8d2ab8d50c60606]
	org.netbeans.modules.editor.indent.project/0 [1.40 16-321935444b183aea1c4ff255d8d2ab8d50c60606]
	org.netbeans.modules.editor.global.format/1 [1.33.0.1 1 16-321935444b183aea1c4ff255d8d2ab8d50c60606]
	org.netbeans.libs.commons_compress/0 [0.24.0.181 181 16-321935444b183aea1c4ff255d8d2ab8d50c60606]
	libs.c.kohlschutter.junixsocket/2 [3.0 16-321935444b183aea1c4ff255d8d2ab8d50c60606]
	org.netbeans.modules.docker.api/0 [1.38 16-321935444b183aea1c4ff255d8d2ab8d50c60606]
	org.netbeans.modules.docker.ui/0 [1.18 16-321935444b183aea1c4ff255d8d2ab8d50c60606]
	org.netbeans.modules.docker.editor/0 [1.18 16-321935444b183aea1c4ff255d8d2ab8d50c60606]
	org.netbeans.modules.dlight.nativeexecution.nb [1.18 16-321935444b183aea1c4ff255d8d2ab8d50c60606]
	org.netbeans.modules.db.metadata.model/1 [1.29 16-321935444b183aea1c4ff255d8d2ab8d50c60606]
	org.netbeans.modules.db/1 [1.87.0.30 30 16-321935444b183aea1c4ff255d8d2ab8d50c60606]
	org.netbeans.modules.dbapi [1.52.0.30 16-321935444b183aea1c4ff255d8d2ab8d50c60606]
	org.netbeans.modules.derby [1.58 16-321935444b183aea1c4ff255d8d2ab8d50c60606]
	org.netbeans.api.visual [2.66 16-321935444b183aea1c4ff255d8d2ab8d50c60606]
	org.netbeans.modules.db.sql.visualeditor/1 [2.50.0.30 16-321935444b183aea1c4ff255d8d2ab8d50c60606]
	org.netbeans.modules.db.dataview [1.51 16-321935444b183aea1c4ff255d8d2ab8d50c60606]
	org.netbeans.modules.db.core [1.55 16-321935444b183aea1c4ff255d8d2ab8d50c60606]
	org.netbeans.modules.db.sql.editor [1.55.0.30 16-321935444b183aea1c4ff255d8d2ab8d50c60606]
	org.netbeans.modules.db.mysql [0.46.0.2 2 16-321935444b183aea1c4ff255d8d2ab8d50c60606]
	org.netbeans.modules.db.drivers [1.48 16-321935444b183aea1c4ff255d8d2ab8d50c60606]
	org.netbeans.modules.db.kit [1.48 16-321935444b183aea1c4ff255d8d2ab8d50c60606]
	org.netbeans.modules.css.prep [1.48 16-321935444b183aea1c4ff255d8d2ab8d50c60606]
	org.eclipse.mylyn.bugzilla.core [3.17.0 3.17.0.v20150828-2026]
	org.apache.commons.httpclient [3.1.0 3.1.0]
	org.netbeans.modules.bugzilla [1.95 16-321935444b183aea1c4ff255d8d2ab8d50c60606]
	org.netbeans.modules.bugtracking.bridge [1.63 16-321935444b183aea1c4ff255d8d2ab8d50c60606]
	org.netbeans.libs.graalsdk [1.18 16-321935444b183aea1c4ff255d8d2ab8d50c60606]
	org.netbeans.libs.truffleapi [1.18 16-321935444b183aea1c4ff255d8d2ab8d50c60606]
	org.netbeans.libs.svnClientAdapter.javahl/1 [1.42 16-321935444b183aea1c4ff255d8d2ab8d50c60606]
	org.netbeans.libs.jna.platform/2 [2.13 16-321935444b183aea1c4ff255d8d2ab8d50c60606]
	org.netbeans.libs.graaljs/2 [1.18 16-321935444b183aea1c4ff255d8d2ab8d50c60606]
	org.netbeans.libs.freemarker/1 [2.52.0.239 239 16-321935444b183aea1c4ff255d8d2ab8d50c60606]
	org.netbeans.core.network [1.30 16-321935444b183aea1c4ff255d8d2ab8d50c60606]
	org.netbeans.core.nativeaccess/1 [1.49 16-321935444b183aea1c4ff255d8d2ab8d50c60606]
	org.netbeans.core.io.ui/1 [1.48 16-321935444b183aea1c4ff255d8d2ab8d50c60606]
	org.netbeans.core.browser/1 [1.46.0.1 1 16-321935444b183aea1c4ff255d8d2ab8d50c60606]
	org.eclipse.mylyn.commons.xmlrpc [3.17.0 3.17.0.v20150625-2042]
	org.eclipse.mylyn.commons.repositories.core [1.9.0 1.9.0.v20150625-2042]
	org.eclipse.mylyn.commons.core [3.17.0 3.17.0.v20150625-2042]
	org.eclipse.equinox.security [1.1.1 1.1.1.R37x_v20110822-1018]
	org.eclipse.equinox.registry [3.5.200 3.5.200.v20120522-1841]
	org.eclipse.equinox.preferences [3.4.2 3.4.2.v20120111-2020]
	org.eclipse.equinox.app [1.3.100 1.3.100.v20110321]
	org.eclipse.core.runtime.compatibility.auth [3.2.200 3.2.200.v20110110]
	org.eclipse.core.net [1.2.100 1.2.100.I20110511-0800]
	org.eclipse.core.contenttype [3.4.100 3.4.100.v20110423-0524]
	org.apache.xmlrpc [3.1.3 3.1.3]
	org.apache.ws.commons.util [1.0.1 1.0.1]
	org.apache.commons.lang [2.6 2.6]
	org.apache.commons.codec [1.15.0 1.15.0]
	com.jcraft.jzlib [1.1.3 1.1.3]
	com.googlecode.javaewah.JavaEWAH [1.1.6 1.1.6]
	bcprov [1.70 1.70]
	bcpg [1.70 1.70]
INFO [org.netbeans.core.netigso.Netigso]: bundle org.apache.commons.lang3@3.12.0 resolved
INFO [org.netbeans.core.netigso.Netigso]: bundle org.eclipse.mylyn.wikitext.textile.core@2.6.0.v20150901-2143 resolved
INFO [org.netbeans.core.netigso.Netigso]: bundle bcutil@1.70.0 resolved
INFO [org.netbeans.core.netigso.Netigso]: bundle bcpkix@1.70.0 resolved
INFO [org.netbeans.core.netigso.Netigso]: bundle org.eclipse.mylyn.wikitext.confluence.core@2.6.0.v20150901-2143 resolved
INFO [org.netbeans.core.netigso.Netigso]: bundle net.java.html@1.8.1 resolved
INFO [org.netbeans.core.netigso.Netigso]: bundle net.java.html.json@1.8.1 resolved
INFO [org.netbeans.core.netigso.Netigso]: bundle net.java.html.boot.fx@1.8.1 resolved
INFO [org.netbeans.core.netigso.Netigso]: bundle net.java.html.boot@1.8.1 resolved
INFO [org.netbeans.core.netigso.Netigso]: bundle org.netbeans.html.ko4j@1.8.1 resolved
INFO [org.netbeans.core.netigso.Netigso]: bundle net.java.html.geo@1.8.1 resolved
INFO [org.netbeans.core.netigso.Netigso]: bundle net.java.html.sound@1.8.1 resolved
INFO [org.netbeans.core.netigso.Netigso]: bundle org.netbeans.html.xhr4j@1.8.1 resolved
INFO [org.netbeans.core.netigso.Netigso]: bundle org.netbeans.html.presenters.spi@1.8.1 resolved
INFO [org.netbeans.core.netigso.Netigso]: bundle org.eclipse.mylyn.wikitext.markdown.core@2.6.0.v20150901-2143 resolved
INFO [org.netbeans.core.netigso.Netigso]: bundle net.java.html.boot.script@1.8.1 resolved
INFO [org.netbeans.core.netigso.Netigso]: bundle org.apache.commons.io@2.6.0 resolved
INFO [org.netbeans.core.netigso.Netigso]: bundle org.eclipse.osgi@3.9.1.v20140110-1610 started
INFO [org.netbeans.core.network.proxy.NetworkProxyReloader]: System network proxy resolver: Windows
INFO [org.netbeans.core.network.proxy.windows.WindowsNetworkProxy]: Windows system proxy resolver: auto detect
INFO [org.netbeans.core.network.proxy.NetworkProxyReloader]: System network proxy reloading succeeded.
INFO [org.netbeans.core.network.proxy.NetworkProxyReloader]: System network proxy - mode: direct
INFO [org.netbeans.core.network.proxy.NetworkProxyReloader]: System network proxy: fell to default (correct if direct mode went before)
INFO [org.openide.awt.Toolbar]: Too long AWTTask: 505 ms for org.openide.awt.MenuBar$MenuBarFolder@183e19de(FolderList{MultiFileObject@7ec7f462[Menu]})
INFO [org.netbeans.ui.metrics.laf]: USG_LOOK_AND_FEEL
INFO [org.netbeans.ui.indexing]: Indexing started, time from last indexing 0 ms.
INFO [org.netbeans.ui.indexing]: Indexing finished, indexing took 2 ms.
INFO [org.netbeans.core.netigso.Netigso]: bundle org.eclipse.osgi@3.9.1.v20140110-1610 256
INFO [org.netbeans.core.netigso.Netigso]: bundle org.eclipse.osgi@3.9.1.v20140110-1610 stopped
INFO [null]: Last record repeated again.
